
==============================================

!Thu Oct 17 21:13:23 COT 2024

Processing file ptx_product\gen\ptx_product.msgflow.
Successfully added file ptx_product\gen\ptx_product.msgflow to BAR file.

==============================================

!Thu Oct 17 21:13:23 COT 2024

Processing file ptx_product\getProductid.subflow.
Successfully added file ptx_product\getProductid.subflow to BAR file.

==============================================

!Thu Oct 17 21:13:23 COT 2024

Processing file ptx_product\getProducts.subflow.
Successfully added file ptx_product\getProducts.subflow to BAR file.

==============================================

!Thu Oct 17 21:13:23 COT 2024

Processing file ptx_product\getVarid.subflow.
Successfully added file ptx_product\getVarid.subflow to BAR file.

==============================================

!Thu Oct 17 21:13:23 COT 2024

Processing file ptx_product\getVars.subflow.
Successfully added file ptx_product\getVars.subflow to BAR file.

==============================================

!Thu Oct 17 21:13:23 COT 2024

Processing file ptx_product\patchProductid.subflow.
Successfully added file ptx_product\patchProductid.subflow to BAR file.

==============================================

!Thu Oct 17 21:13:23 COT 2024

Processing file ptx_product\patchProductid.subflow_SetTrackingRequest.esql.
Dependent ESQL file com/ibus/common/procedures/util/TrackFunctions.esql is added to the BAR file.

Successfully added file ptx_product\patchProductid.subflow_SetTrackingRequest.esql to BAR file.

==============================================

!Thu Oct 17 21:13:23 COT 2024

Processing file ptx_product\patchVarid.subflow.
Successfully added file ptx_product\patchVarid.subflow to BAR file.

==============================================

!Thu Oct 17 21:13:23 COT 2024

Processing file ptx_product\postProducts.subflow.
Successfully added file ptx_product\postProducts.subflow to BAR file.

==============================================

!Thu Oct 17 21:13:23 COT 2024

Processing file ptx_product\postVars.subflow.
Successfully added file ptx_product\postVars.subflow to BAR file.

==============================================

!Thu Oct 17 21:13:23 COT 2024

Processing file ptx_product\product\RequestMessage.esql.
Successfully added file ptx_product\product\RequestMessage.esql to BAR file.

==============================================

!Thu Oct 17 21:13:23 COT 2024

Processing file ptx_product\product\ValidateHeaders.esql.
Dependent ESQL file com/ibus/common/procedures/util/TrackFunctions.esql is added to the BAR file.

Successfully added file ptx_product\product\ValidateHeaders.esql to BAR file.

==============================================

!Thu Oct 17 21:13:23 COT 2024

Processing file ptx_product\ptx-product_1.0.0.yaml.
Successfully added file ptx_product\ptx-product_1.0.0.yaml to BAR file.
Elapsed time: 0 second(s).

Successfully added file ptx_product\ptx-product_1.0.0.yaml to BAR file.

==============================================

!Thu Oct 17 21:13:23 COT 2024

Processing file ptx_product\restapi.descriptor.
Successfully added file ptx_product\restapi.descriptor to BAR file.
Elapsed time: 0 second(s).

Successfully added file ptx_product\restapi.descriptor to BAR file.

==============================================

!Thu Oct 17 21:13:23 COT 2024

Processing file ptx_product\restapi.descriptor.
Successfully added file ptx_product\restapi.descriptor to BAR file.
Elapsed time: 0 second(s).

Successfully added file ptx_product\restapi.descriptor to BAR file.
