2024-10-17 21:20:37.247196: BIP1990I: El servidor de integración 'TRANSACTIONS' está empezando la inicialización; versión '12.0.12.2' (64 bits) 
2024-10-17 21:20:37.441692: BIP9905I: Inicializando gestores de recursos. 
Listening for transport dt_socket at address: 9997
2024-10-17 21:20:38.682608: BIP10112I: The resources from 'mqsicdc.par' have not been loaded because the runtime component 'ChangeDataCapture' has not been enabled. Reason: 'Restricted by Java Runtime selected'. Further detail: 'C:\Program Files\IBM\ACE\12.0.12.2\common\jdk\jre\embedded.java.yaml'. 
2024-10-17 21:20:39.009912: BIP10112I: The resources from 'imbopentelemetry.lil' have not been loaded because the runtime component 'OpenTelemetry' has not been enabled. Reason: 'Integration Server Configuration'. Further detail: 'server.conf.yaml'. 
2024-10-17 21:20:42.594112: BIP9906I: Leyendo recursos desplegados. 
2024-10-17 21:20:42.748000: BIP9907I: Inicializando recursos desplegados. 
2024-10-17 21:20:42.757112: BIP2155I: A punto de 'Initialize' el recurso desplegado 'Prueba' de tipo 'Application'. 
2024-10-17 21:20:42.761776: BIP2155I: A punto de 'Initialize' el recurso desplegado 'ptx_product_app' de tipo 'Application'. 
2024-10-17 21:20:42.792032: BIP2155I: A punto de 'Initialize' el recurso desplegado 'CommonLib' de tipo 'SharedLibrary'. 
2024-10-17 21:20:42.835396: BIP2155I: A punto de 'Initialize' el recurso desplegado 'ptx_product' de tipo 'RestAPI'. 
2024-10-17 21:20:46.129848: BIP9332I: PolicyProject 'CommonPolicies' se ha reloaded correctamente. 
2024-10-17 21:20:46.130972: BIP9332I: SharedLibrary 'CommonLib' se ha reloaded correctamente. 
2024-10-17 21:20:46.131328: BIP2155I: A punto de 'Start' el recurso desplegado 'Prueba' de tipo 'Application'. 
2024-10-17 21:20:46.132092: BIP2269I: El recurso desplegado 'prueba' (uuid='prueba',tipo='MessageFlow') se ha iniciado satisfactoriamente. 
2024-10-17 21:20:46.132404: BIP9332I: Application 'Prueba' se ha reloaded correctamente. 
2024-10-17 21:20:46.132780: BIP2155I: A punto de 'Start' el recurso desplegado 'ptx_product_app' de tipo 'Application'. 
2024-10-17 21:20:46.133360: BIP2269I: El recurso desplegado 'getProductid' (uuid='getProductid',tipo='MessageFlow') se ha iniciado satisfactoriamente. 
2024-10-17 21:20:46.133892: BIP2269I: El recurso desplegado 'getProducts' (uuid='getProducts',tipo='MessageFlow') se ha iniciado satisfactoriamente. 
2024-10-17 21:20:46.134332: BIP2269I: El recurso desplegado 'getVarid' (uuid='getVarid',tipo='MessageFlow') se ha iniciado satisfactoriamente. 
2024-10-17 21:20:46.134756: BIP2269I: El recurso desplegado 'getVars' (uuid='getVars',tipo='MessageFlow') se ha iniciado satisfactoriamente. 
2024-10-17 21:20:46.135212: BIP2269I: El recurso desplegado 'patchProductid' (uuid='patchProductid',tipo='MessageFlow') se ha iniciado satisfactoriamente. 
2024-10-17 21:20:46.135844: BIP2269I: El recurso desplegado 'patchVarid' (uuid='patchVarid',tipo='MessageFlow') se ha iniciado satisfactoriamente. 
2024-10-17 21:20:46.136296: BIP2269I: El recurso desplegado 'postProducts' (uuid='postProducts',tipo='MessageFlow') se ha iniciado satisfactoriamente. 
2024-10-17 21:20:46.136716: BIP2269I: El recurso desplegado 'postVars' (uuid='postVars',tipo='MessageFlow') se ha iniciado satisfactoriamente. 
2024-10-17 21:20:46.136908: BIP9332I: Application 'ptx_product_app' se ha reloaded correctamente. 
2024-10-17 21:20:46.137264: BIP2155I: A punto de 'Start' el recurso desplegado 'ptx_product' de tipo 'RestAPI'. 
2024-10-17 21:20:46.140128: BIP2628W: Se ha detectado una condición de excepción en el nodo 'prueba.MQ Input'. 
2024-10-17 21:20:46.140412: BIP2133E: El campo de origen '530059005300540045004d002e00440045004600410055004c0054002e0053005600520043004f004e004e00' es demasiado largo para un campo de destino de longitud '20' al convertir de Unicode a la página de códigos '5348'. 
2024-10-17 21:20:46.181144: BIP3132I: El escucha HTTP ha empezado a escuchar en el puerto '7800' para conexiones 'http'. 
2024-10-17 21:20:46.181556: BIP1996I: Escuchando por el URL HTTP '/v1/ptx/product*'. 
Started native listener for HTTP input node on port 7800 for URL /v1/ptx/product*
2024-10-17 21:20:46.182548: BIP2269I: El recurso desplegado 'gen.ptx_product' (uuid='gen.ptx_product',tipo='MessageFlow') se ha iniciado satisfactoriamente. 
2024-10-17 21:20:46.182828: BIP9332I: RestAPI 'ptx_product' se ha reloaded correctamente. 
2024-10-17 21:20:46.932964: BIP2866I: La administración de seguridad de IBM App Connect Enterprise es inactive. 
2024-10-17 21:20:46.955548: BIP3132I: El escucha HTTP ha empezado a escuchar en el puerto '7600' para conexiones 'RestAdmin http'. 
2024-10-17 21:20:46.957524: BIP1991I: El servidor de integración ha terminado la inicialización. 
2024-10-17 21:21:45.977388: BIP2628W: Se ha detectado una condición de excepción en el nodo 'prueba.MQ Input'. 
2024-10-17 21:21:45.985440: BIP2133E: El campo de origen '530059005300540045004d002e00440045004600410055004c0054002e0053005600520043004f004e004e00' es demasiado largo para un campo de destino de longitud '20' al convertir de Unicode a la página de códigos '5348'. 
2024-10-17 21:21:56.302708: BIP2152I: Se ha recibido el mensaje de configuración. 
2024-10-17 21:21:56.341276: BIP2155I: A punto de 'Stop' el recurso desplegado 'Prueba' de tipo 'Application'. 
2024-10-17 21:21:58.163724: BIP2271I: El recurso desplegado 'prueba' (uuid='prueba',tipo='MessageFlow') se ha detenido satisfactoriamente. 
2024-10-17 21:21:58.164004: BIP2155I: A punto de 'TearDown' el recurso desplegado 'Prueba' de tipo 'Application'. 
2024-10-17 21:21:58.227280: BIP2155I: A punto de 'Initialize' el recurso desplegado 'Prueba' de tipo 'Application'. 
2024-10-17 21:21:58.271312: BIP2155I: A punto de 'Start' el recurso desplegado 'Prueba' de tipo 'Application'. 
2024-10-17 21:21:58.272044: BIP2269I: El recurso desplegado 'prueba' (uuid='prueba',tipo='MessageFlow') se ha iniciado satisfactoriamente. 
2024-10-17 21:21:58.272260: BIP9332I: Application 'Prueba' se ha changed correctamente. 
2024-10-17 21:21:58.272464: BIP9326I: El origen 'Pruebaproject.generated.bar' se ha desplegado correctamente. 
2024-10-17 21:21:58.273492: BIP2154I: El servidor de integración ha finalizado con el mensaje de configuración. 
2024-10-17 21:21:59.279128: BIP2628W: Se ha detectado una condición de excepción en el nodo 'prueba.MQ Input'. 
2024-10-17 21:21:59.279616: BIP2133E: El campo de origen '530059005300540045004d002e00440045004600410055004c0054002e0053005600520043004f004e004e00' es demasiado largo para un campo de destino de longitud '20' al convertir de Unicode a la página de códigos '5348'. 
2024-10-17 21:22:59.049836: BIP2628W: Se ha detectado una condición de excepción en el nodo 'prueba.MQ Input'. 
2024-10-17 21:22:59.050184: BIP2133E: El campo de origen '530059005300540045004d002e00440045004600410055004c0054002e0053005600520043004f004e004e00' es demasiado largo para un campo de destino de longitud '20' al convertir de Unicode a la página de códigos '5348'. 
2024-10-17 21:24:01.297473: BIP2152I: Se ha recibido el mensaje de configuración. 
2024-10-17 21:24:01.326983: BIP2155I: A punto de 'Stop' el recurso desplegado 'Prueba' de tipo 'Application'. 
2024-10-17 21:24:02.795995: BIP2271I: El recurso desplegado 'prueba' (uuid='prueba',tipo='MessageFlow') se ha detenido satisfactoriamente. 
2024-10-17 21:24:02.796297: BIP2155I: A punto de 'TearDown' el recurso desplegado 'Prueba' de tipo 'Application'. 
2024-10-17 21:24:02.855974: BIP2155I: A punto de 'Initialize' el recurso desplegado 'Prueba' de tipo 'Application'. 
2024-10-17 21:24:02.891634: BIP2155I: A punto de 'Start' el recurso desplegado 'Prueba' de tipo 'Application'. 
2024-10-17 21:24:02.892405: BIP2269I: El recurso desplegado 'prueba' (uuid='prueba',tipo='MessageFlow') se ha iniciado satisfactoriamente. 
2024-10-17 21:24:02.892778: BIP9332I: Application 'Prueba' se ha changed correctamente. 
2024-10-17 21:24:02.892966: BIP9326I: El origen 'Pruebaproject.generated.bar' se ha desplegado correctamente. 
2024-10-17 21:24:02.894292: BIP2154I: El servidor de integración ha finalizado con el mensaje de configuración. 
2024-10-17 21:25:04.730057: BIP2628W: Se ha detectado una condición de excepción en el nodo 'prueba.MQ Input'. 
2024-10-17 21:25:04.730422: BIP2230E: Se ha detectado un error mientras se procesaba un mensaje en el nodo 'prueba.MQ Output'. 
2024-10-17 21:25:04.730544: BIP2133E: El campo de origen '530059005300540045004d002e00440045004600410055004c0054002e0053005600520043004f004e004e00' es demasiado largo para un campo de destino de longitud '20' al convertir de Unicode a la página de códigos '5348'. 
2024-10-17 21:25:04.733235: BIP2648E: El mensaje se ha restituido a una cola; nodo de flujo de mensajes 'prueba.MQ Input'. 
2024-10-17 21:25:04.733590: BIP2630E: No hay definida ninguna cola de reposición en cola para restitución ni cola de mensajes no entregados (DLQ) para restituir un mensaje; se ha recibido de la cola 'TRACKING.REQ'. 
2024-10-17 21:25:33.427120: BIP2155I: A punto de 'Stop' el recurso desplegado 'Prueba' de tipo 'Application'. 
2024-10-17 21:25:35.083784: BIP2271I: El recurso desplegado 'prueba' (uuid='prueba',tipo='MessageFlow') se ha detenido satisfactoriamente. 
2024-10-17 21:25:35.084236: BIP2155I: A punto de 'TearDown' el recurso desplegado 'Prueba' de tipo 'Application'. 
2024-10-17 21:25:35.116636: BIP9521I: Application 'Prueba' se ha borrado. 
2024-10-17 21:26:52.394260: BIP2152I: Se ha recibido el mensaje de configuración. 
2024-10-17 21:26:52.460168: BIP2155I: A punto de 'Initialize' el recurso desplegado 'Prueba' de tipo 'Application'. 
2024-10-17 21:26:52.519024: BIP2155I: A punto de 'Start' el recurso desplegado 'Prueba' de tipo 'Application'. 
2024-10-17 21:26:52.519664: BIP2269I: El recurso desplegado 'prueba' (uuid='prueba',tipo='MessageFlow') se ha iniciado satisfactoriamente. 
2024-10-17 21:26:52.519848: BIP9332I: Application 'Prueba' se ha created correctamente. 
2024-10-17 21:26:52.520044: BIP9326I: El origen 'Pruebaproject.generated.bar' se ha desplegado correctamente. 
2024-10-17 21:26:52.521104: BIP2154I: El servidor de integración ha finalizado con el mensaje de configuración. 
2024-10-17 21:33:19.673724: BIP2628W: Se ha detectado una condición de excepción en el nodo 'prueba.MQ Input'. 
2024-10-17 21:33:19.681536: BIP2230E: Se ha detectado un error mientras se procesaba un mensaje en el nodo 'prueba.MQ Output'. 
2024-10-17 21:33:19.681768: BIP2133E: El campo de origen '530059005300540045004d002e00440045004600410055004c0054002e0053005600520043004f004e004e00' es demasiado largo para un campo de destino de longitud '20' al convertir de Unicode a la página de códigos '5348'. 
2024-10-17 21:33:19.682812: BIP2648E: El mensaje se ha restituido a una cola; nodo de flujo de mensajes 'prueba.MQ Input'. 
2024-10-17 21:33:19.683026: BIP2630E: No hay definida ninguna cola de reposición en cola para restitución ni cola de mensajes no entregados (DLQ) para restituir un mensaje; se ha recibido de la cola 'TRACKING.REQ'. 
Listening for transport dt_socket at address: 9997
2024-10-17 21:35:10.133560: BIP1989I: El servidor de integración está finalizando debido a un suceso de conclusión. 
2024-10-17 21:35:10.142612: BIP2155I: A punto de 'Stop' el recurso desplegado 'Prueba' de tipo 'Application'. 
2024-10-17 21:35:10.143050: BIP2155I: A punto de 'Stop' el recurso desplegado 'ptx_product_app' de tipo 'Application'. 
2024-10-17 21:35:10.143792: BIP2155I: A punto de 'Stop' el recurso desplegado 'ptx_product' de tipo 'RestAPI'. 
2024-10-17 21:35:11.185800: BIP2271I: El recurso desplegado 'prueba' (uuid='prueba',tipo='MessageFlow') se ha detenido satisfactoriamente. 
2024-10-17 21:35:13.996898: BIP2271I: El recurso desplegado 'getProductid' (uuid='getProductid',tipo='MessageFlow') se ha detenido satisfactoriamente. 
2024-10-17 21:35:14.005101: BIP2271I: El recurso desplegado 'getProducts' (uuid='getProducts',tipo='MessageFlow') se ha detenido satisfactoriamente. 
2024-10-17 21:35:14.005640: BIP2271I: El recurso desplegado 'getVarid' (uuid='getVarid',tipo='MessageFlow') se ha detenido satisfactoriamente. 
2024-10-17 21:35:14.006067: BIP2271I: El recurso desplegado 'getVars' (uuid='getVars',tipo='MessageFlow') se ha detenido satisfactoriamente. 
2024-10-17 21:35:14.007293: BIP2271I: El recurso desplegado 'patchProductid' (uuid='patchProductid',tipo='MessageFlow') se ha detenido satisfactoriamente. 
2024-10-17 21:35:14.007827: BIP2271I: El recurso desplegado 'patchVarid' (uuid='patchVarid',tipo='MessageFlow') se ha detenido satisfactoriamente. 
2024-10-17 21:35:14.008256: BIP2271I: El recurso desplegado 'postProducts' (uuid='postProducts',tipo='MessageFlow') se ha detenido satisfactoriamente. 
2024-10-17 21:35:14.008601: BIP2271I: El recurso desplegado 'postVars' (uuid='postVars',tipo='MessageFlow') se ha detenido satisfactoriamente. 
2024-10-17 21:35:14.009285: BIP2271I: El recurso desplegado 'gen.ptx_product' (uuid='gen.ptx_product',tipo='MessageFlow') se ha detenido satisfactoriamente. 
2024-10-17 21:35:14.915331: BIP2155I: A punto de 'TearDown' el recurso desplegado 'ptx_product_app' de tipo 'Application'. 
2024-10-17 21:35:14.939900: BIP2155I: A punto de 'TearDown' el recurso desplegado 'ptx_product' de tipo 'RestAPI'. 
2024-10-17 21:35:14.962742: BIP3133I: El escucha HTTP ha dejado de escuchar en el puerto '7800' para conexiones 'http'. 
2024-10-17 21:35:14.977594: BIP2155I: A punto de 'TearDown' el recurso desplegado 'CommonLib' de tipo 'SharedLibrary'. 
2024-10-17 21:35:14.992022: BIP2155I: A punto de 'TearDown' el recurso desplegado 'Prueba' de tipo 'Application'. 
node.js process.on('exit') event emitted with exitCode of 0
node.js process.on('exit') event emitted with exitCode of 0
2024-10-17 21:35:20.261548: BIP1992I: El servidor de integración 'TRANSACTIONS' se ha parado. 
