
==============================================

!Thu Oct 17 21:26:52 COT 2024

Processing file Prueba\prueba.msgflow.
Successfully added file Prueba\prueba.msgflow to BAR file.

==============================================

!Thu Oct 17 21:26:52 COT 2024

Processing file Prueba\application.descriptor.
Successfully added file Prueba\application.descriptor to BAR file.
Elapsed time: 0 second(s).

Successfully added file Prueba\application.descriptor to BAR file.

==============================================

!Thu Oct 17 21:26:52 COT 2024

Processing file Prueba\application.descriptor.
Successfully added file Prueba\application.descriptor to BAR file.
Elapsed time: 0,016 second(s).

Successfully added file Prueba\application.descriptor to BAR file.

==============================================

!Thu Oct 17 21:26:52 COT 2024

Processing file Prueba\prueba_Compute.esql.
Successfully added file Prueba\prueba_Compute.esql to BAR file.
