
==============================================

!Thu Oct 17 15:43:48 COT 2024

Successfully added file ptx_product_app\postVars.msgflow to BAR file.

Successfully added file ptx_product_app\postProducts.msgflow to BAR file.

Successfully added file ptx_product_app\patchVarid.msgflow to BAR file.

Successfully added file ptx_product_app\patchProductid.msgflow to BAR file.

Successfully added file ptx_product_app\getVars.msgflow to BAR file.

Successfully added file ptx_product_app\getVarid.msgflow to BAR file.

Successfully added file ptx_product_app\getProducts.msgflow to BAR file.

Successfully added file ptx_product_app\getProductid.msgflow to BAR file.

Successfully added file ptx_product_app\MS Config-Generator-Mgmt  v1.0.yml to BAR file.

Successfully added file ptx_product_app\MS Config-Generator-Mgmt  v1.0.yml to BAR file.

Successfully added file ptx_product_app\application.descriptor to BAR file.

Successfully added file ptx_product_app\application.descriptor to BAR file.

Successfully added file ptx_product_app\application.descriptor to BAR file.

Successfully added file ptx_product_app\application.descriptor to BAR file.

Successfully added file ptx_product_app\common\prepare_error.esql to BAR file.

Successfully added file ptx_product_app\common\rest_error.esql to BAR file.

Successfully added file ptx_product_app\getProductid\prepare_request.esql to BAR file.

Successfully added file ptx_product_app\getProductid\prepare_response.esql to BAR file.

Successfully added file ptx_product_app\getProducts\prepare_request.esql to BAR file.

Successfully added file ptx_product_app\getProducts\prepare_response.esql to BAR file.

Successfully added file ptx_product_app\getVarid\prepare_request.esql to BAR file.

Successfully added file ptx_product_app\getVarid\prepare_response.esql to BAR file.

Successfully added file ptx_product_app\getVars\prepare_request.esql to BAR file.

Successfully added file ptx_product_app\getVars\prepare_response.esql to BAR file.

Successfully added file ptx_product_app\patchProductid\prepare_request.esql to BAR file.

Successfully added file ptx_product_app\patchProductid\prepare_response.esql to BAR file.

Successfully added file ptx_product_app\patchVarid\prepare_request.esql to BAR file.

Successfully added file ptx_product_app\patchVarid\prepare_response.esql to BAR file.

Successfully added file ptx_product_app\postProducts\prepare_request.esql to BAR file.

Successfully added file ptx_product_app\postProducts\prepare_response.esql to BAR file.

Successfully added file ptx_product_app\postVars\prepare_request.esql to BAR file.

Successfully added file ptx_product_app\postVars\prepare_response.esql to BAR file.
